<?xml version="1.0" encoding="UTF-8"?>
<!-- Generated by org.testng.reporters.JUnitXMLReporter -->
<testsuite ignored="0" hostname="CPDK346" failures="1" tests="5" name="Test" time="45.456" errors="0" timestamp="2025-02-05T16:55:38 IST">
  <testcase classname="com.Samsung.main.SeleniumTest" name="NavigateToDownloads" time="5.348"/>
  <testcase classname="com.Samsung.main.SeleniumTest" name="ClickOnBrowsers" time="2.054">
    <failure type="org.openqa.selenium.ElementClickInterceptedException" message="element click intercepted: Element &amp;lt;button class=&amp;quot;btn btn-dark btn-lg btn-block rounded-0 text-left&amp;quot; type=&amp;quot;button&amp;quot; data-bs-toggle=&amp;quot;collapse&amp;quot; data-bs-target=&amp;quot;#supported-browsers&amp;quot; aria-expanded=&amp;quot;false&amp;quot; aria-controls=&amp;quot;supported-browsers&amp;quot; style=&amp;quot;font-size:25px&amp;quot;&amp;gt;...&amp;lt;/button&amp;gt; is not clickable at point (180, 28). Other element would receive the click: &amp;lt;div class=&amp;quot;collapse navbar-collapse justify-content-end&amp;quot; id=&amp;quot;main_navbar&amp;quot;&amp;gt;...&amp;lt;/div&amp;gt;
  (Session info: chrome=131.0.6778.265)
Build info: version: &amp;apos;4.27.0&amp;apos;, revision: &amp;apos;d6e718d&amp;apos;
System info: os.name: &amp;apos;Windows 10&amp;apos;, os.arch: &amp;apos;amd64&amp;apos;, os.version: &amp;apos;10.0&amp;apos;, java.version: &amp;apos;21.0.5&amp;apos;
Driver info: org.openqa.selenium.chrome.ChromeDriver
Command: [86d8f2f0e8a2f6a693c6ca2fbd48a888, clickElement {id=f.38D8C76FB42E532DAFC472925325B96E.d.F8E4AC4D26D281F9B1D36CD79B2D221B.e.74}]
Capabilities {acceptInsecureCerts: false, browserName: chrome, browserVersion: 131.0.6778.265, chrome: {chromedriverVersion: 131.0.6778.264 (2d05e315153..., userDataDir: C:\Users\SELVA~1.BAL\AppDat...}, fedcm:accounts: true, goog:chromeOptions: {debuggerAddress: localhost:60090}, networkConnectionEnabled: false, pageLoadStrategy: normal, platformName: windows, proxy: Proxy(), se:cdp: ws://localhost:60090/devtoo..., se:cdpVersion: 131.0.6778.265, setWindowRect: true, strictFileInteractability: false, timeouts: {implicit: 0, pageLoad: 300000, script: 30000}, unhandledPromptBehavior: dismiss and notify, webauthn:extension:credBlob: true, webauthn:extension:largeBlob: true, webauthn:extension:minPinLength: true, webauthn:extension:prf: true, webauthn:virtualAuthenticators: true}
Element: [[ChromeDriver: chrome on windows (86d8f2f0e8a2f6a693c6ca2fbd48a888)] -&amp;gt; css selector: button[data-bs-target=&amp;quot;#supported-browsers&amp;quot;]]
Session ID: 86d8f2f0e8a2f6a693c6ca2fbd48a888">
      <![CDATA[org.openqa.selenium.ElementClickInterceptedException: element click intercepted: Element <button class="btn btn-dark btn-lg btn-block rounded-0 text-left" type="button" data-bs-toggle="collapse" data-bs-target="#supported-browsers" aria-expanded="false" aria-controls="supported-browsers" style="font-size:25px">...</button> is not clickable at point (180, 28). Other element would receive the click: <div class="collapse navbar-collapse justify-content-end" id="main_navbar">...</div>
  (Session info: chrome=131.0.6778.265)
Build info: version: '4.27.0', revision: 'd6e718d'
System info: os.name: 'Windows 10', os.arch: 'amd64', os.version: '10.0', java.version: '21.0.5'
Driver info: org.openqa.selenium.chrome.ChromeDriver
Command: [86d8f2f0e8a2f6a693c6ca2fbd48a888, clickElement {id=f.38D8C76FB42E532DAFC472925325B96E.d.F8E4AC4D26D281F9B1D36CD79B2D221B.e.74}]
Capabilities {acceptInsecureCerts: false, browserName: chrome, browserVersion: 131.0.6778.265, chrome: {chromedriverVersion: 131.0.6778.264 (2d05e315153..., userDataDir: C:\Users\SELVA~1.BAL\AppDat...}, fedcm:accounts: true, goog:chromeOptions: {debuggerAddress: localhost:60090}, networkConnectionEnabled: false, pageLoadStrategy: normal, platformName: windows, proxy: Proxy(), se:cdp: ws://localhost:60090/devtoo..., se:cdpVersion: 131.0.6778.265, setWindowRect: true, strictFileInteractability: false, timeouts: {implicit: 0, pageLoad: 300000, script: 30000}, unhandledPromptBehavior: dismiss and notify, webauthn:extension:credBlob: true, webauthn:extension:largeBlob: true, webauthn:extension:minPinLength: true, webauthn:extension:prf: true, webauthn:virtualAuthenticators: true}
Element: [[ChromeDriver: chrome on windows (86d8f2f0e8a2f6a693c6ca2fbd48a888)] -> css selector: button[data-bs-target="#supported-browsers"]]
Session ID: 86d8f2f0e8a2f6a693c6ca2fbd48a888
at org.openqa.selenium.remote.ErrorCodec.decode(ErrorCodec.java:167)
at org.openqa.selenium.remote.codec.w3c.W3CHttpResponseCodec.decode(W3CHttpResponseCodec.java:138)
at org.openqa.selenium.remote.codec.w3c.W3CHttpResponseCodec.decode(W3CHttpResponseCodec.java:50)
at org.openqa.selenium.remote.HttpCommandExecutor.execute(HttpCommandExecutor.java:190)
at org.openqa.selenium.remote.service.DriverCommandExecutor.invokeExecute(DriverCommandExecutor.java:216)
at org.openqa.selenium.remote.service.DriverCommandExecutor.execute(DriverCommandExecutor.java:174)
at org.openqa.selenium.remote.RemoteWebDriver.execute(RemoteWebDriver.java:545)
at org.openqa.selenium.remote.RemoteWebElement.execute(RemoteWebElement.java:223)
at org.openqa.selenium.remote.RemoteWebElement.click(RemoteWebElement.java:76)
at com.Samsung.main.SeleniumTest.ClickOnBrowsers(SeleniumTest.java:44)
at java.base/java.util.ArrayList.forEach(ArrayList.java:1596)
... Removed 28 stack frames]]>
    </failure>
  </testcase> <!-- ClickOnBrowsers -->
  <testcase classname="com.Samsung.main.SeleniumTest" name="CheckforFirefoxLogos" time="1.041"/>
  <testcase classname="com.Samsung.main.SeleniumTest" name="CheckforChromeLogos" time="1.059"/>
  <testcase classname="com.Samsung.main.SeleniumTest" name="CheckforEdgeLogos" time="1.033"/>
</testsuite> <!-- Test -->
